<?xml version="1.0" encoding="UTF-8"?>
<testsuite errors="0" failures="0" file=".py" name="BasicTest-20190412182818" skipped="0" tests="1" time="0.003" timestamp="2019-04-12T18:28:18">
	<testcase classname="BasicTest" file="tests/unit_test.py" line="20" name="test_health" time="0.003" timestamp="2019-04-12T18:28:18">
		<system-out>
<![CDATA[<Response streamed [200 OK]>
]]>		</system-out>
		<system-err>
<![CDATA[]]>		</system-err>
	</testcase>
</testsuite>
